<?xml version="1.0" encoding="UTF-8"?>
<testsuite name="MusicLibrary.integrationTests.CommentIntegrationTest" time="0.473" tests="1" errors="1" skipped="0" failures="0">
  <properties>
[...]
</properties>
  <testcase name="canSaveComment" classname="MusicLibrary.integrationTests.CommentIntegrationTest" time="0.473">
    <error type="java.lang.NullPointerException:">java.lang.NullPointerException: null
	at MusicLibrary.service.AlbumCommentService.commentAlbum(AlbumCommentService.java:35)
	at MusicLibrary.controller.AlbumController.commentAlbum(AlbumController.java:127)
	at MusicLibrary.integrationTests.CommentIntegrationTest.canSaveComment(CommentIntegrationTest.java:69)
</error>
    <system-out><![CDATA[2016-12-28 11:06:16.692  INFO 49285 --- [           main] .b.t.c.SpringBootTestContextBootstrapper : Neither @ContextConfiguration nor @ContextHierarchy found for test class [MusicLibrary.integrationTests.CommentIntegrationTest], using SpringBootContextLoader
2016-12-28 11:06:16.693  INFO 49285 --- [           main] o.s.t.c.support.AbstractContextLoader    : Could not detect default resource locations for test class [MusicLibrary.integrationTests.CommentIntegrationTest]: no resource found for suffixes {-context.xml, Context.groovy}.
2016-12-28 11:06:16.699  INFO 49285 --- [           main] t.c.s.AnnotationConfigContextLoaderUtils : Could not detect default configuration classes for test class [MusicLibrary.integrationTests.CommentIntegrationTest]: CommentIntegrationTest does not declare any static, non-private, non-final, nested classes annotated with @Configuration.
2016-12-28 11:06:16.709  INFO 49285 --- [           main] .b.t.c.SpringBootTestContextBootstrapper : Found @SpringBootConfiguration MusicLibrary.MusicLibraryApplication for test class MusicLibrary.integrationTests.CommentIntegrationTest
2016-12-28 11:06:16.716  INFO 49285 --- [           main] .b.t.c.SpringBootTestContextBootstrapper : Loaded default TestExecutionListener class names from location [META-INF/spring.factories]: [org.springframework.boot.test.mock.mockito.MockitoTestExecutionListener, org.springframework.boot.test.mock.mockito.ResetMocksTestExecutionListener, org.springframework.boot.test.autoconfigure.restdocs.RestDocsTestExecutionListener, org.springframework.boot.test.autoconfigure.web.client.MockRestServiceServerResetTestExecutionListener, org.springframework.boot.test.autoconfigure.web.servlet.MockMvcPrintOnlyOnFailureTestExecutionListener, org.springframework.boot.test.autoconfigure.web.servlet.WebDriverTestExecutionListener, org.springframework.test.context.web.ServletTestExecutionListener, org.springframework.test.context.support.DirtiesContextBeforeModesTestExecutionListener, org.springframework.test.context.support.DependencyInjectionTestExecutionListener, org.springframework.test.context.support.DirtiesContextTestExecutionListener, org.springframework.test.context.transaction.TransactionalTestExecutionListener, org.springframework.test.context.jdbc.SqlScriptsTestExecutionListener]
2016-12-28 11:06:16.767  INFO 49285 --- [           main] .b.t.c.SpringBootTestContextBootstrapper : Using TestExecutionListeners: [org.springframework.test.context.web.ServletTestExecutionListener@41ddec69, org.springframework.test.context.support.DirtiesContextBeforeModesTestExecutionListener@5e3cb58e, org.springframework.boot.test.autoconfigure.SpringBootDependencyInjectionTestExecutionListener@18f8e2e0, org.springframework.test.context.support.DirtiesContextTestExecutionListener@28d56028, org.springframework.test.context.transaction.TransactionalTestExecutionListener@6c56fff, org.springframework.test.context.jdbc.SqlScriptsTestExecutionListener@3dee3a6c, org.springframework.boot.test.autoconfigure.web.servlet.WebDriverTestExecutionListener@62de20d3, org.springframework.boot.test.autoconfigure.restdocs.RestDocsTestExecutionListener@6109d880, org.springframework.boot.test.autoconfigure.web.client.MockRestServiceServerResetTestExecutionListener@4c9ef9c9, org.springframework.boot.test.mock.mockito.ResetMocksTestExecutionListener@6f976c, org.springframework.boot.test.mock.mockito.MockitoTestExecutionListener@1324e70a, org.springframework.boot.test.autoconfigure.web.servlet.MockMvcPrintOnlyOnFailureTestExecutionListener@3cc6f036]
]]></system-out>
  </testcase>
</testsuite>