<?xml version="1.0" encoding="UTF-8"?>
<testsuite name="MusicLibrary.systemTests.AlbumActionsTest" time="2.892" tests="2" errors="1" skipped="0" failures="1">
  <properties>
[...]
</properties>
  <testcase name="test1_canAddComment" classname="MusicLibrary.systemTests.AlbumActionsTest" time="2.892">
    <failure type="junit.framework.AssertionFailedError:">junit.framework.AssertionFailedError: null
	at junit.framework.Assert.fail(Assert.java:55)
	at junit.framework.Assert.assertTrue(Assert.java:22)
	at junit.framework.Assert.assertTrue(Assert.java:31)
	at MusicLibrary.systemTests.AlbumActionsTest.test1_canAddComment(AlbumActionsTest.java:101)
</failure>
    <system-out><![CDATA[2016-12-29 15:15:11.558  INFO 55905 --- [           main] .b.t.c.SpringBootTestContextBootstrapper : Neither @ContextConfiguration nor @ContextHierarchy found for test class [MusicLibrary.systemTests.AlbumActionsTest], using SpringBootContextLoader
2016-12-29 15:15:11.559  INFO 55905 --- [           main] o.s.t.c.support.AbstractContextLoader    : Could not detect default resource locations for test class [MusicLibrary.systemTests.AlbumActionsTest]: no resource found for suffixes {-context.xml, Context.groovy}.
2016-12-29 15:15:11.560  INFO 55905 --- [           main] t.c.s.AnnotationConfigContextLoaderUtils : Could not detect default configuration classes for test class [MusicLibrary.systemTests.AlbumActionsTest]: AlbumActionsTest does not declare any static, non-private, non-final, nested classes annotated with @Configuration.
2016-12-29 15:15:11.566  INFO 55905 --- [           main] .b.t.c.SpringBootTestContextBootstrapper : Found @SpringBootConfiguration MusicLibrary.MusicLibraryApplication for test class MusicLibrary.systemTests.AlbumActionsTest
2016-12-29 15:15:11.574  INFO 55905 --- [           main] .b.t.c.SpringBootTestContextBootstrapper : Loaded default TestExecutionListener class names from location [META-INF/spring.factories]: [org.springframework.boot.test.mock.mockito.MockitoTestExecutionListener, org.springframework.boot.test.mock.mockito.ResetMocksTestExecutionListener, org.springframework.boot.test.autoconfigure.restdocs.RestDocsTestExecutionListener, org.springframework.boot.test.autoconfigure.web.client.MockRestServiceServerResetTestExecutionListener, org.springframework.boot.test.autoconfigure.web.servlet.MockMvcPrintOnlyOnFailureTestExecutionListener, org.springframework.boot.test.autoconfigure.web.servlet.WebDriverTestExecutionListener, org.springframework.test.context.web.ServletTestExecutionListener, org.springframework.test.context.support.DirtiesContextBeforeModesTestExecutionListener, org.springframework.test.context.support.DependencyInjectionTestExecutionListener, org.springframework.test.context.support.DirtiesContextTestExecutionListener, org.springframework.test.context.transaction.TransactionalTestExecutionListener, org.springframework.test.context.jdbc.SqlScriptsTestExecutionListener]
2016-12-29 15:15:11.579  INFO 55905 --- [           main] .b.t.c.SpringBootTestContextBootstrapper : Using TestExecutionListeners: [org.springframework.test.context.web.ServletTestExecutionListener@4f98ac31, org.springframework.test.context.support.DirtiesContextBeforeModesTestExecutionListener@5cb6abc8, org.springframework.boot.test.autoconfigure.SpringBootDependencyInjectionTestExecutionListener@20e48e63, org.springframework.test.context.support.DirtiesContextTestExecutionListener@6d7677d8, org.springframework.test.context.transaction.TransactionalTestExecutionListener@6705b763, org.springframework.test.context.jdbc.SqlScriptsTestExecutionListener@e04b8a0, org.springframework.boot.test.autoconfigure.web.servlet.WebDriverTestExecutionListener@a97a895, org.springframework.boot.test.autoconfigure.web.client.MockRestServiceServerResetTestExecutionListener@5401c6a8, org.springframework.boot.test.mock.mockito.ResetMocksTestExecutionListener@1ef5cde4, org.springframework.boot.test.autoconfigure.restdocs.RestDocsTestExecutionListener@359fa722, org.springframework.boot.test.autoconfigure.web.servlet.MockMvcPrintOnlyOnFailureTestExecutionListener@27b7204, org.springframework.boot.test.mock.mockito.MockitoTestExecutionListener@5895c065]

  .   ____          _            __ _ _
 /\\ / ___'_ __ _ _(_)_ __  __ _ \ \ \ \
( ( )\___ | '_ | '_| | '_ \/ _` | \ \ \ \
 \\/  ___)| |_)| | | | | || (_| |  ) ) ) )
  '  |____| .__|_| |_|_| |_\__, | / / / /
 =========|_|==============|___/=/_/_/_/
 :: Spring Boot ::        (v1.4.2.RELEASE)

2016-12-29 15:15:14.702  INFO 55905 --- [           main] M.systemTests.AlbumActionsTest           : Starting AlbumActionsTest on PNs-MacBook-Air.local with PID 55905 (started by pn in /Users/pn/Documents/Projektit/wepaharkka)
2016-12-29 15:15:14.702  INFO 55905 --- [           main] M.systemTests.AlbumActionsTest           : No active profile set, falling back to default profiles: default
2016-12-29 15:15:14.705  INFO 55905 --- [           main] ationConfigEmbeddedWebApplicationContext : Refreshing org.springframework.boot.context.embedded.AnnotationConfigEmbeddedWebApplicationContext@32050628: startup date [Thu Dec 29 15:15:14 EET 2016]; root of context hierarchy
2016-12-29 15:15:15.952  INFO 55905 --- [           main] o.s.b.f.s.DefaultListableBeanFactory     : Overriding bean definition for bean 'dataSource' with a different definition: replacing [Root bean: class [null]; scope=; abstract=false; lazyInit=false; autowireMode=3; dependencyCheck=0; autowireCandidate=true; primary=false; factoryBeanName=org.springframework.boot.autoconfigure.jdbc.DataSourceConfiguration$Dbcp2; factoryMethodName=dataSource; initMethodName=null; destroyMethodName=(inferred); defined in class path resource [org/springframework/boot/autoconfigure/jdbc/DataSourceConfiguration$Dbcp2.class]] with [Root bean: class [null]; scope=; abstract=false; lazyInit=false; autowireMode=3; dependencyCheck=0; autowireCandidate=true; primary=false; factoryBeanName=org.springframework.boot.autoconfigure.jdbc.DataSourceConfiguration$Dbcp; factoryMethodName=dataSource; initMethodName=null; destroyMethodName=(inferred); defined in class path resource [org/springframework/boot/autoconfigure/jdbc/DataSourceConfiguration$Dbcp.class]]
2016-12-29 15:15:15.952  INFO 55905 --- [           main] o.s.b.f.s.DefaultListableBeanFactory     : Overriding bean definition for bean 'dataSource' with a different definition: replacing [Root bean: class [null]; scope=; abstract=false; lazyInit=false; autowireMode=3; dependencyCheck=0; autowireCandidate=true; primary=false; factoryBeanName=org.springframework.boot.autoconfigure.jdbc.DataSourceConfiguration$Dbcp; factoryMethodName=dataSource; initMethodName=null; destroyMethodName=(inferred); defined in class path resource [org/springframework/boot/autoconfigure/jdbc/DataSourceConfiguration$Dbcp.class]] with [Root bean: class [null]; scope=; abstract=false; lazyInit=false; autowireMode=3; dependencyCheck=0; autowireCandidate=true; primary=false; factoryBeanName=org.springframework.boot.autoconfigure.jdbc.DataSourceConfiguration$Tomcat; factoryMethodName=dataSource; initMethodName=null; destroyMethodName=(inferred); defined in class path resource [org/springframework/boot/autoconfigure/jdbc/DataSourceConfiguration$Tomcat.class]]
2016-12-29 15:15:16.479  INFO 55905 --- [           main] trationDelegate$BeanPostProcessorChecker : Bean 'org.springframework.transaction.annotation.ProxyTransactionManagementConfiguration' of type [class org.springframework.transaction.annotation.ProxyTransactionManagementConfiguration$$EnhancerBySpringCGLIB$$71fd8325] is not eligible for getting processed by all BeanPostProcessors (for example: not eligible for auto-proxying)
2016-12-29 15:15:17.104  INFO 55905 --- [           main] s.b.c.e.t.TomcatEmbeddedServletContainer : Tomcat initialized with port(s): 0 (http)
2016-12-29 15:15:17.152  INFO 55905 --- [           main] o.apache.catalina.core.StandardService   : Starting service Tomcat
2016-12-29 15:15:17.154  INFO 55905 --- [           main] org.apache.catalina.core.StandardEngine  : Starting Servlet Engine: Apache Tomcat/8.5.6
2016-12-29 15:15:17.565  INFO 55905 --- [ost-startStop-1] o.a.c.c.C.[Tomcat].[localhost].[/]       : Initializing Spring embedded WebApplicationContext
2016-12-29 15:15:17.566  INFO 55905 --- [ost-startStop-1] o.s.web.context.ContextLoader            : Root WebApplicationContext: initialization completed in 2861 ms
2016-12-29 15:15:17.894  INFO 55905 --- [ost-startStop-1] o.s.b.w.servlet.FilterRegistrationBean   : Mapping filter: 'characterEncodingFilter' to: [/*]
2016-12-29 15:15:17.895  INFO 55905 --- [ost-startStop-1] o.s.b.w.servlet.FilterRegistrationBean   : Mapping filter: 'hiddenHttpMethodFilter' to: [/*]
2016-12-29 15:15:17.896  INFO 55905 --- [ost-startStop-1] o.s.b.w.servlet.FilterRegistrationBean   : Mapping filter: 'httpPutFormContentFilter' to: [/*]
2016-12-29 15:15:17.896  INFO 55905 --- [ost-startStop-1] o.s.b.w.servlet.FilterRegistrationBean   : Mapping filter: 'requestContextFilter' to: [/*]
2016-12-29 15:15:17.898  INFO 55905 --- [ost-startStop-1] .s.DelegatingFilterProxyRegistrationBean : Mapping filter: 'springSecurityFilterChain' to: [/*]
2016-12-29 15:15:17.898  INFO 55905 --- [ost-startStop-1] o.s.b.w.servlet.ServletRegistrationBean  : Mapping servlet: 'dispatcherServlet' to [/]
2016-12-29 15:15:18.284  INFO 55905 --- [           main] j.LocalContainerEntityManagerFactoryBean : Building JPA container EntityManagerFactory for persistence unit 'default'
2016-12-29 15:15:18.285  INFO 55905 --- [           main] o.hibernate.jpa.internal.util.LogHelper  : HHH000204: Processing PersistenceUnitInfo [
	name: default
	...]
2016-12-29 15:15:18.305  INFO 55905 --- [           main] org.hibernate.dialect.Dialect            : HHH000400: Using dialect: org.hibernate.dialect.H2Dialect
2016-12-29 15:15:18.454  INFO 55905 --- [           main] org.hibernate.tool.hbm2ddl.SchemaExport  : HHH000227: Running hbm2ddl schema export
2016-12-29 15:15:18.496  INFO 55905 --- [           main] org.hibernate.tool.hbm2ddl.SchemaExport  : HHH000230: Schema export complete
2016-12-29 15:15:18.505  WARN 55905 --- [           main] o.h.j.i.EntityManagerFactoryRegistry     : HHH000436: Entity manager factory name (default) is already registered.  If entity manager will be clustered or passivated, specify a unique value for property 'hibernate.ejb.entitymanager_factory_name'
2016-12-29 15:15:18.505  INFO 55905 --- [           main] j.LocalContainerEntityManagerFactoryBean : Initialized JPA EntityManagerFactory for persistence unit 'default'
2016-12-29 15:15:20.086  INFO 55905 --- [           main] o.s.s.web.DefaultSecurityFilterChain     : Creating filter chain: org.springframework.security.web.util.matcher.AnyRequestMatcher@1, [org.springframework.security.web.context.request.async.WebAsyncManagerIntegrationFilter@5dc218e2, org.springframework.security.web.context.SecurityContextPersistenceFilter@c50503e, org.springframework.security.web.header.HeaderWriterFilter@38f7a20, org.springframework.security.web.authentication.logout.LogoutFilter@50165a6d, org.springframework.security.web.authentication.UsernamePasswordAuthenticationFilter@5b6637f3, org.springframework.security.web.savedrequest.RequestCacheAwareFilter@4ac2b4c6, org.springframework.security.web.servletapi.SecurityContextHolderAwareRequestFilter@326489c4, org.springframework.security.web.authentication.AnonymousAuthenticationFilter@11d474a, org.springframework.security.web.session.SessionManagementFilter@2c39c520, org.springframework.security.web.access.ExceptionTranslationFilter@331eb953, org.springframework.security.web.access.intercept.FilterSecurityInterceptor@369f85c6]
2016-12-29 15:15:20.278  INFO 55905 --- [           main] s.w.s.m.m.a.RequestMappingHandlerAdapter : Looking for @ControllerAdvice: org.springframework.boot.context.embedded.AnnotationConfigEmbeddedWebApplicationContext@32050628: startup date [Thu Dec 29 15:15:14 EET 2016]; root of context hierarchy
2016-12-29 15:15:20.343  INFO 55905 --- [           main] s.w.s.m.m.a.RequestMappingHandlerMapping : Mapped "{[/signup],methods=[POST]}" onto public java.lang.String MusicLibrary.controller.AccountController.create(MusicLibrary.domain.Account,org.springframework.validation.BindingResult)
2016-12-29 15:15:20.344  INFO 55905 --- [           main] s.w.s.m.m.a.RequestMappingHandlerMapping : Mapped "{[/signup],methods=[GET]}" onto public java.lang.String MusicLibrary.controller.AccountController.view(MusicLibrary.domain.Account)
2016-12-29 15:15:20.345  INFO 55905 --- [           main] s.w.s.m.m.a.RequestMappingHandlerMapping : Mapped "{[/accounts],methods=[GET]}" onto public java.lang.String MusicLibrary.controller.AccountController.getAccounts(org.springframework.ui.Model)
2016-12-29 15:15:20.348  INFO 55905 --- [           main] s.w.s.m.m.a.RequestMappingHandlerMapping : Mapped "{[/albums]}" onto public java.lang.String MusicLibrary.controller.AlbumController.index(org.springframework.ui.Model)
2016-12-29 15:15:20.348  INFO 55905 --- [           main] s.w.s.m.m.a.RequestMappingHandlerMapping : Mapped "{[/artists/{id}],methods=[POST]}" onto public java.lang.String MusicLibrary.controller.AlbumController.addAlbum(java.lang.Long,java.lang.String,java.lang.String,java.lang.String)
2016-12-29 15:15:20.349  INFO 55905 --- [           main] s.w.s.m.m.a.RequestMappingHandlerMapping : Mapped "{[/albums/{id}],methods=[DELETE]}" onto public java.lang.String MusicLibrary.controller.AlbumController.deleteAlbum(java.lang.Long)
2016-12-29 15:15:20.350  INFO 55905 --- [           main] s.w.s.m.m.a.RequestMappingHandlerMapping : Mapped "{[/albums/{id}]}" onto public java.lang.String MusicLibrary.controller.AlbumController.getAlbum(org.springframework.ui.Model,java.lang.Long)
2016-12-29 15:15:20.351  INFO 55905 --- [           main] s.w.s.m.m.a.RequestMappingHandlerMapping : Mapped "{[/albums/{albumId}],methods=[POST]}" onto public java.lang.String MusicLibrary.controller.AlbumController.addTagsToAlbum(java.lang.Long,java.lang.Long)
2016-12-29 15:15:20.351  INFO 55905 --- [           main] s.w.s.m.m.a.RequestMappingHandlerMapping : Mapped "{[/albums/{id}/comment],methods=[POST]}" onto public java.lang.String MusicLibrary.controller.AlbumController.commentAlbum(java.lang.String,java.lang.String)
2016-12-29 15:15:20.352  INFO 55905 --- [           main] s.w.s.m.m.a.RequestMappingHandlerMapping : Mapped "{[/artists]}" onto public java.lang.String MusicLibrary.controller.ArtistController.index(org.springframework.ui.Model)
2016-12-29 15:15:20.353  INFO 55905 --- [           main] s.w.s.m.m.a.RequestMappingHandlerMapping : Mapped "{[/artists/new],methods=[POST]}" onto public java.lang.String MusicLibrary.controller.ArtistController.addArtist(java.lang.String)
2016-12-29 15:15:20.354  INFO 55905 --- [           main] s.w.s.m.m.a.RequestMappingHandlerMapping : Mapped "{[/artists/{id}],methods=[DELETE]}" onto public java.lang.String MusicLibrary.controller.ArtistController.deleteArtist(java.lang.Long)
2016-12-29 15:15:20.354  INFO 55905 --- [           main] s.w.s.m.m.a.RequestMappingHandlerMapping : Mapped "{[/artists/{id}],methods=[GET]}" onto public java.lang.String MusicLibrary.controller.ArtistController.getArtist(org.springframework.ui.Model,java.lang.Long)
2016-12-29 15:15:20.354  INFO 55905 --- [           main] s.w.s.m.m.a.RequestMappingHandlerMapping : Mapped "{[/artists],methods=[POST]}" onto public java.lang.String MusicLibrary.controller.ArtistController.findArtist(java.lang.String)
2016-12-29 15:15:20.355  INFO 55905 --- [           main] s.w.s.m.m.a.RequestMappingHandlerMapping : Mapped "{[/comments/{id}],methods=[DELETE]}" onto public java.lang.String MusicLibrary.controller.CommentController.deleteComment(java.lang.Long)
2016-12-29 15:15:20.357  INFO 55905 --- [           main] s.w.s.m.m.a.RequestMappingHandlerMapping : Mapped "{[/*]}" onto public java.lang.String MusicLibrary.controller.DefaultController.handleDefault()
2016-12-29 15:15:20.359  INFO 55905 --- [           main] s.w.s.m.m.a.RequestMappingHandlerMapping : Mapped "{[/login]}" onto public java.lang.String MusicLibrary.controller.DefaultController.loginForm()
2016-12-29 15:15:20.359  INFO 55905 --- [           main] s.w.s.m.m.a.RequestMappingHandlerMapping : Mapped "{[/signup]}" onto public java.lang.String MusicLibrary.controller.DefaultController.signupForm()
2016-12-29 15:15:20.360  INFO 55905 --- [           main] s.w.s.m.m.a.RequestMappingHandlerMapping : Mapped "{[/styletags/new],methods=[POST]}" onto public java.lang.String MusicLibrary.controller.StyleTagController.create(java.lang.String,java.lang.Long)
2016-12-29 15:15:20.363  INFO 55905 --- [           main] s.w.s.m.m.a.RequestMappingHandlerMapping : Mapped "{[/styletags]}" onto public java.lang.String MusicLibrary.controller.StyleTagController.getStyleTags(org.springframework.ui.Model)
2016-12-29 15:15:20.364  INFO 55905 --- [           main] s.w.s.m.m.a.RequestMappingHandlerMapping : Mapped "{[/styletags/{id}]}" onto public java.lang.String MusicLibrary.controller.StyleTagController.getStyleTag(org.springframework.ui.Model,java.lang.Long)
2016-12-29 15:15:20.370  INFO 55905 --- [           main] s.w.s.m.m.a.RequestMappingHandlerMapping : Mapped "{[/styletags/{id}],methods=[PUT]}" onto public java.lang.String MusicLibrary.controller.StyleTagController.removeTagFromAlbum(java.lang.Long,java.lang.Long)
2016-12-29 15:15:20.374  INFO 55905 --- [           main] s.w.s.m.m.a.RequestMappingHandlerMapping : Mapped "{[/error]}" onto public org.springframework.http.ResponseEntity<java.util.Map<java.lang.String, java.lang.Object>> org.springframework.boot.autoconfigure.web.BasicErrorController.error(javax.servlet.http.HttpServletRequest)
2016-12-29 15:15:20.376  INFO 55905 --- [           main] s.w.s.m.m.a.RequestMappingHandlerMapping : Mapped "{[/error],produces=[text/html]}" onto public org.springframework.web.servlet.ModelAndView org.springframework.boot.autoconfigure.web.BasicErrorController.errorHtml(javax.servlet.http.HttpServletRequest,javax.servlet.http.HttpServletResponse)
2016-12-29 15:15:20.471  INFO 55905 --- [           main] o.s.w.s.handler.SimpleUrlHandlerMapping  : Mapped URL path [/webjars/**] onto handler of type [class org.springframework.web.servlet.resource.ResourceHttpRequestHandler]
2016-12-29 15:15:20.471  INFO 55905 --- [           main] o.s.w.s.handler.SimpleUrlHandlerMapping  : Mapped URL path [/**] onto handler of type [class org.springframework.web.servlet.resource.ResourceHttpRequestHandler]
2016-12-29 15:15:20.558  INFO 55905 --- [           main] o.s.w.s.handler.SimpleUrlHandlerMapping  : Mapped URL path [/**/favicon.ico] onto handler of type [class org.springframework.web.servlet.resource.ResourceHttpRequestHandler]
2016-12-29 15:15:21.466  INFO 55905 --- [           main] s.b.c.e.t.TomcatEmbeddedServletContainer : Tomcat started on port(s): 50982 (http)
2016-12-29 15:15:21.471  INFO 55905 --- [           main] M.systemTests.AlbumActionsTest           : Started AlbumActionsTest in 6.941 seconds (JVM running for 33.348)
2016-12-29 15:15:21.560  INFO 55905 --- [           main] o.h.h.i.QueryTranslatorFactoryInitiator  : HHH000397: Using ASTQueryTranslatorFactory
2016-12-29 15:15:22.291  INFO 55905 --- [o-auto-1-exec-1] o.a.c.c.C.[Tomcat].[localhost].[/]       : Initializing Spring FrameworkServlet 'dispatcherServlet'
2016-12-29 15:15:22.291  INFO 55905 --- [o-auto-1-exec-1] o.s.web.servlet.DispatcherServlet        : FrameworkServlet 'dispatcherServlet': initialization started
2016-12-29 15:15:22.334  INFO 55905 --- [o-auto-1-exec-1] o.s.web.servlet.DispatcherServlet        : FrameworkServlet 'dispatcherServlet': initialization completed in 43 ms
ekatest()
2016-12-29 15:15:24.367  WARN 55905 --- [           main] o.h.engine.jdbc.spi.SqlExceptionHelper   : SQL Error: 23503, SQLState: 23503
2016-12-29 15:15:24.368 ERROR 55905 --- [           main] o.h.engine.jdbc.spi.SqlExceptionHelper   : Referential integrity constraint violation: "FKK1UIJDBXMDP3UK8W4BWDF8C67: PUBLIC.COMMENT FOREIGN KEY(ALBUM_ID) REFERENCES PUBLIC.ALBUM(ID) (1)"; SQL statement:
delete from album where id=? [23503-193]
2016-12-29 15:15:24.370  INFO 55905 --- [           main] o.h.e.j.b.internal.AbstractBatchImpl     : HHH000010: On release of batch it still contained JDBC statements
]]></system-out>
  </testcase>
  <testcase name="test1_canAddComment" classname="MusicLibrary.systemTests.AlbumActionsTest" time="2.899">
    <error message="could not execute statement; SQL [n/a]; constraint [&quot;FKK1UIJDBXMDP3UK8W4BWDF8C67: PUBLIC.COMMENT FOREIGN KEY(ALBUM_ID) REFERENCES PUBLIC.ALBUM(ID) (1)&quot;; SQL statement:&#10;delete from album where id=? [23503-193]]; nested exception is org.hibernate.exception.ConstraintViolationException: could not execute statement" type="org.springframework.dao.DataIntegrityViolationException">org.springframework.dao.DataIntegrityViolationException: could not execute statement; SQL [n/a]; constraint ["FKK1UIJDBXMDP3UK8W4BWDF8C67: PUBLIC.COMMENT FOREIGN KEY(ALBUM_ID) REFERENCES PUBLIC.ALBUM(ID) (1)"; SQL statement:
delete from album where id=? [23503-193]]; nested exception is org.hibernate.exception.ConstraintViolationException: could not execute statement
	at org.h2.message.DbException.getJdbcSQLException(DbException.java:345)
	at org.h2.message.DbException.get(DbException.java:179)
	at org.h2.message.DbException.get(DbException.java:155)
	at org.h2.constraint.ConstraintReferential.checkRow(ConstraintReferential.java:426)
	at org.h2.constraint.ConstraintReferential.checkRowRefTable(ConstraintReferential.java:443)
	at org.h2.constraint.ConstraintReferential.checkRow(ConstraintReferential.java:318)
	at org.h2.table.Table.fireConstraints(Table.java:967)
	at org.h2.table.Table.fireAfterRow(Table.java:985)
	at org.h2.command.dml.Delete.update(Delete.java:101)
	at org.h2.command.CommandContainer.update(CommandContainer.java:98)
	at org.h2.command.Command.executeUpdate(Command.java:258)
	at org.h2.jdbc.JdbcPreparedStatement.executeUpdateInternal(JdbcPreparedStatement.java:160)
	at org.h2.jdbc.JdbcPreparedStatement.executeUpdate(JdbcPreparedStatement.java:146)
	at org.hibernate.engine.jdbc.internal.ResultSetReturnImpl.executeUpdate(ResultSetReturnImpl.java:204)
	at org.hibernate.engine.jdbc.batch.internal.NonBatchingBatch.addToBatch(NonBatchingBatch.java:45)
	at org.hibernate.persister.entity.AbstractEntityPersister.delete(AbstractEntityPersister.java:3209)
	at org.hibernate.persister.entity.AbstractEntityPersister.delete(AbstractEntityPersister.java:3446)
	at org.hibernate.action.internal.EntityDeleteAction.execute(EntityDeleteAction.java:98)
	at org.hibernate.engine.spi.ActionQueue.executeActions(ActionQueue.java:582)
	at org.hibernate.engine.spi.ActionQueue.executeActions(ActionQueue.java:456)
	at org.hibernate.event.internal.AbstractFlushingEventListener.performExecutions(AbstractFlushingEventListener.java:337)
	at org.hibernate.event.internal.DefaultFlushEventListener.onFlush(DefaultFlushEventListener.java:39)
	at org.hibernate.internal.SessionImpl.flush(SessionImpl.java:1282)
	at org.hibernate.internal.SessionImpl.managedFlush(SessionImpl.java:465)
	at org.hibernate.internal.SessionImpl.flushBeforeTransactionCompletion(SessionImpl.java:2963)
	at org.hibernate.internal.SessionImpl.beforeTransactionCompletion(SessionImpl.java:2339)
	at org.hibernate.engine.jdbc.internal.JdbcCoordinatorImpl.beforeTransactionCompletion(JdbcCoordinatorImpl.java:485)
	at org.hibernate.resource.transaction.backend.jdbc.internal.JdbcResourceLocalTransactionCoordinatorImpl.beforeCompletionCallback(JdbcResourceLocalTransactionCoordinatorImpl.java:147)
	at org.hibernate.resource.transaction.backend.jdbc.internal.JdbcResourceLocalTransactionCoordinatorImpl.access$100(JdbcResourceLocalTransactionCoordinatorImpl.java:38)
	at org.hibernate.resource.transaction.backend.jdbc.internal.JdbcResourceLocalTransactionCoordinatorImpl$TransactionDriverControlImpl.commit(JdbcResourceLocalTransactionCoordinatorImpl.java:231)
	at org.hibernate.engine.transaction.internal.TransactionImpl.commit(TransactionImpl.java:65)
	at org.hibernate.jpa.internal.TransactionImpl.commit(TransactionImpl.java:61)
	at org.springframework.orm.jpa.JpaTransactionManager.doCommit(JpaTransactionManager.java:517)
	at org.springframework.transaction.support.AbstractPlatformTransactionManager.processCommit(AbstractPlatformTransactionManager.java:761)
	at org.springframework.transaction.support.AbstractPlatformTransactionManager.commit(AbstractPlatformTransactionManager.java:730)
	at org.springframework.transaction.interceptor.TransactionAspectSupport.commitTransactionAfterReturning(TransactionAspectSupport.java:504)
	at org.springframework.transaction.interceptor.TransactionAspectSupport.invokeWithinTransaction(TransactionAspectSupport.java:292)
	at org.springframework.transaction.interceptor.TransactionInterceptor.invoke(TransactionInterceptor.java:96)
	at org.springframework.aop.framework.ReflectiveMethodInvocation.proceed(ReflectiveMethodInvocation.java:179)
	at org.springframework.dao.support.PersistenceExceptionTranslationInterceptor.invoke(PersistenceExceptionTranslationInterceptor.java:136)
	at org.springframework.aop.framework.ReflectiveMethodInvocation.proceed(ReflectiveMethodInvocation.java:179)
	at org.springframework.data.jpa.repository.support.CrudMethodMetadataPostProcessor$CrudMethodMetadataPopulatingMethodInterceptor.invoke(CrudMethodMetadataPostProcessor.java:133)
	at org.springframework.aop.framework.ReflectiveMethodInvocation.proceed(ReflectiveMethodInvocation.java:179)
	at org.springframework.aop.interceptor.ExposeInvocationInterceptor.invoke(ExposeInvocationInterceptor.java:92)
	at org.springframework.aop.framework.ReflectiveMethodInvocation.proceed(ReflectiveMethodInvocation.java:179)
	at org.springframework.aop.framework.JdkDynamicAopProxy.invoke(JdkDynamicAopProxy.java:213)
	at com.sun.proxy.$Proxy112.deleteAll(Unknown Source)
	at MusicLibrary.systemTests.AlbumActionsTest.resetDatabaseAfterTests(AlbumActionsTest.java:81)
</error>
  </testcase>
</testsuite>